<?xml version="1.0" encoding="utf-8" standalone="no"?>
<!--This file represents the results of running a test suite-->
<test-results name="D:\projects\roadkill\src\Roadkill.Tests\bin\Debug\Roadkill.Tests.dll" total="899" errors="0" failures="0" not-run="10" inconclusive="0" ignored="10" skipped="0" invalid="0" date="2014-03-26" time="21:39:48">
  <environment nunit-version="2.6.3.13283" clr-version="2.0.50727.8000" os-version="Microsoft Windows NT 6.2.9200.0" platform="Win32NT" cwd="C:\Program Files (x86)\NUnit 2.6.3\bin" machine-name="DELL" user="chris" user-domain="dell" />
  <culture-info current-culture="en-GB" current-uiculture="en-US" />
  <test-suite type="Assembly" name="D:\projects\roadkill\src\Roadkill.Tests\bin\Debug\Roadkill.Tests.dll" executed="True" result="Success" success="True" time="12.533" asserts="0">
    <results>
      <test-suite type="Namespace" name="Roadkill" executed="True" result="Success" success="True" time="12.520" asserts="0">
        <results>
          <test-suite type="Namespace" name="Tests" executed="True" result="Success" success="True" time="12.520" asserts="0">
            <results>
              <test-suite type="Namespace" name="Unit" executed="True" result="Success" success="True" time="12.519" asserts="0">
                <results>
                  <test-suite type="TestFixture" name="ActiveDirectoryUserManagerTests" executed="True" result="Success" success="True" time="0.765" asserts="0">
                    <categories>
                      <category name="Unit" />
                    </categories>
                    <results>
                      <test-case name="Roadkill.Tests.Unit.ActiveDirectoryUserManagerTests.Admins_Should_Belong_To_Group" executed="True" result="Success" success="True" time="0.635" asserts="2" />
                      <test-case name="Roadkill.Tests.Unit.ActiveDirectoryUserManagerTests.Editors_Should_Belong_To_Group" executed="True" result="Success" success="True" time="0.006" asserts="2" />
                      <test-case name="Roadkill.Tests.Unit.ActiveDirectoryUserManagerTests.Editors_Should_Not_Be_Admins" executed="True" result="Success" success="True" time="0.004" asserts="2" />
                      <test-case name="Roadkill.Tests.Unit.ActiveDirectoryUserManagerTests.Empty_Ldap_String_Should_Throw_SecurityException_In_Constructor" executed="True" result="Success" success="True" time="0.020" asserts="0" />
                      <test-case name="Roadkill.Tests.Unit.ActiveDirectoryUserManagerTests.GetUser_Should_Return_Object_With_Permissions" executed="True" result="Success" success="True" time="0.014" asserts="6" />
                      <test-case name="Roadkill.Tests.Unit.ActiveDirectoryUserManagerTests.ListAdmins_Should_Contain_Correct_Users" executed="True" result="Success" success="True" time="0.011" asserts="3" />
                      <test-case name="Roadkill.Tests.Unit.ActiveDirectoryUserManagerTests.ListEditor_Should_Contain_Correct_Users" executed="True" result="Success" success="True" time="0.016" asserts="3" />
                      <test-case name="Roadkill.Tests.Unit.ActiveDirectoryUserManagerTests.No_Admin_Group_Should_Throw_SecurityException_In_Constructor" executed="True" result="Success" success="True" time="0.004" asserts="0" />
                      <test-case name="Roadkill.Tests.Unit.ActiveDirectoryUserManagerTests.No_Editor_Group_Should_Throw_SecurityException_In_Constructor" executed="True" result="Success" success="True" time="0.005" asserts="0" />
                      <test-case name="Roadkill.Tests.Unit.ActiveDirectoryUserManagerTests.Should_Not_Throw_SecurityException_With_Valid_Ldap_String" executed="True" result="Success" success="True" time="0.004" asserts="1" />
                      <test-case name="Roadkill.Tests.Unit.ActiveDirectoryUserManagerTests.Wrong_Format_Ldap_String_Should_Throw_SecurityException_In_Constructor" executed="True" result="Success" success="True" time="0.004" asserts="0" />
                    </results>
                  </test-suite>
                  <test-suite type="TestFixture" name="AdminRequiredAttributeTests" executed="True" result="Success" success="True" time="0.229" asserts="0">
                    <categories>
                      <category name="Unit" />
                    </categories>
                    <results>
                      <test-case name="Roadkill.Tests.Unit.AdminRequiredAttributeTests.Should_Throw_SecurityException_When_AuthorizationProvider_Is_Null" executed="True" result="Success" success="True" time="0.219" asserts="0" />
                      <test-case name="Roadkill.Tests.Unit.AdminRequiredAttributeTests.Should_Use_AuthorizationProvider" executed="True" result="Success" success="True" time="0.008" asserts="1" />
                    </results>
                  </test-suite>
                  <test-suite type="TestFixture" name="AttachmentFileHandlerTests" executed="True" result="Success" success="True" time="0.209" asserts="0">
                    <categories>
                      <category name="Unit" />
                    </categories>
                    <results>
                      <test-suite type="ParameterizedTest" name="TranslateLocalPathToFilePath" executed="True" result="Success" success="True" time="0.014" asserts="0">
                        <results>
                          <test-case name="Roadkill.Tests.Unit.AttachmentFileHandlerTests.TranslateLocalPathToFilePath(&quot;/wiki/wiki2/Attachments/a.jpg&quot;,&quot;/wiki/wiki2/&quot;,&quot;C:\\Attachments\\a.jpg&quot;)" executed="True" result="Success" success="True" time="0.002" asserts="1" />
                          <test-case name="Roadkill.Tests.Unit.AttachmentFileHandlerTests.TranslateLocalPathToFilePath(&quot;/Attachments/a.jpg&quot;,&quot;&quot;,&quot;C:\\Attachments\\a.jpg&quot;)" executed="True" result="Success" success="True" time="0.000" asserts="1" />
                          <test-case name="Roadkill.Tests.Unit.AttachmentFileHandlerTests.TranslateLocalPathToFilePath(&quot;/wiki/Attachments/a.jpg&quot;,&quot;/wiki/&quot;,&quot;C:\\Attachments\\a.jpg&quot;)" executed="True" result="Success" success="True" time="0.000" asserts="1" />
                          <test-case name="Roadkill.Tests.Unit.AttachmentFileHandlerTests.TranslateLocalPathToFilePath(&quot;/wiki/Attachments/a.jpg&quot;,&quot;/wiki&quot;,&quot;C:\\Attachments\\a.jpg&quot;)" executed="True" result="Success" success="True" time="0.000" asserts="1" />
                          <test-case name="Roadkill.Tests.Unit.AttachmentFileHandlerTests.TranslateLocalPathToFilePath(&quot;Attachments/a.jpg&quot;,&quot;/&quot;,&quot;C:\\Attachments\\a.jpg&quot;)" executed="True" result="Success" success="True" time="0.000" asserts="1" />
                          <test-case name="Roadkill.Tests.Unit.AttachmentFileHandlerTests.TranslateLocalPathToFilePath(&quot;/Attachments/a.jpg&quot;,&quot;/&quot;,&quot;C:\\Attachments\\a.jpg&quot;)" executed="True" result="Success" success="True" time="0.000" asserts="1" />
                          <test-case name="Roadkill.Tests.Unit.AttachmentFileHandlerTests.TranslateLocalPathToFilePath(&quot;/Attachments/folder1/folder2/a.jpg&quot;,&quot;/wiki/&quot;,&quot;C:\\Attachments\\folder1\\folder2\\a.jpg&quot;)" executed="True" result="Success" success="True" time="0.000" asserts="1" />
                        </results>
                      </test-suite>
                      <test-case name="Roadkill.Tests.Unit.AttachmentFileHandlerTests.TranslateLocalPathToFilePath_Should_Be_Case_Sensitive" executed="True" result="Success" success="True" time="0.001" asserts="1" />
                      <test-case name="Roadkill.Tests.Unit.AttachmentFileHandlerTests.WriteResponse_Should_Set_200_Status_And_MimeType_And_Write_Bytes" executed="True" result="Success" success="True" time="0.023" asserts="3" />
                      <test-case name="Roadkill.Tests.Unit.AttachmentFileHandlerTests.WriteResponse_Should_Throw_404_Exception_For_Bad_Application_Path" executed="True" result="Success" success="True" time="0.137" asserts="1" />
                      <test-case name="Roadkill.Tests.Unit.AttachmentFileHandlerTests.WriteResponse_Should_Throw_404_Exception_For_Missing_File" executed="True" result="Success" success="True" time="0.001" asserts="1" />
                    </results>
                  </test-suite>
                  <test-suite type="TestFixture" name="AttachmentPathUtilTests" executed="True" result="Success" success="True" time="0.068" asserts="0">
                    <categories>
                      <category name="Unit" />
                    </categories>
                    <results>
                      <test-case name="Roadkill.Tests.Unit.AttachmentPathUtilTests.AttachmentFolderExistsAndWriteable_Should_Return_Empty_String_For_Writeable_Folder" executed="True" result="Success" success="True" time="0.005" asserts="1" />
                      <test-case name="Roadkill.Tests.Unit.AttachmentPathUtilTests.AttachmentFolderExistsAndWriteable_Should_Return_Error_For_Empty_Folder" executed="True" result="Success" success="True" time="0.001" asserts="1" />
                      <test-case name="Roadkill.Tests.Unit.AttachmentPathUtilTests.AttachmentFolderExistsAndWriteable_Should_Return_Error_For_Missing_Folder" executed="True" result="Success" success="True" time="0.000" asserts="1" />
                      <test-suite type="ParameterizedTest" name="ConvertUrlPathToPhysicalPath_Should_Combine_Paths_And_Contain_Trailing_Slash" executed="True" result="Success" success="True" time="0.006" asserts="0">
                        <results>
                          <test-case name="Roadkill.Tests.Unit.AttachmentPathUtilTests.ConvertUrlPathToPhysicalPath_Should_Combine_Paths_And_Contain_Trailing_Slash(&quot;/folder1&quot;,&quot;folder1\\&quot;)" executed="True" result="Success" success="True" time="0.002" asserts="1" />
                          <test-case name="Roadkill.Tests.Unit.AttachmentPathUtilTests.ConvertUrlPathToPhysicalPath_Should_Combine_Paths_And_Contain_Trailing_Slash(&quot;/folder1/folder2&quot;,&quot;folder1\\folder2\\&quot;)" executed="True" result="Success" success="True" time="0.001" asserts="1" />
                          <test-case name="Roadkill.Tests.Unit.AttachmentPathUtilTests.ConvertUrlPathToPhysicalPath_Should_Combine_Paths_And_Contain_Trailing_Slash(&quot;/folder1/folder2/&quot;,&quot;folder1\\folder2\\&quot;)" executed="True" result="Success" success="True" time="0.001" asserts="1" />
                        </results>
                      </test-suite>
                      <test-suite type="ParameterizedTest" name="ConvertUrlPathToPhysicalPath_Should_Strip_Empty_And_Redundant_Seperators" executed="True" result="Success" success="True" time="0.004" asserts="0">
                        <results>
                          <test-case name="Roadkill.Tests.Unit.AttachmentPathUtilTests.ConvertUrlPathToPhysicalPath_Should_Strip_Empty_And_Redundant_Seperators(&quot;/&quot;)" executed="True" result="Success" success="True" time="0.001" asserts="1" />
                          <test-case name="Roadkill.Tests.Unit.AttachmentPathUtilTests.ConvertUrlPathToPhysicalPath_Should_Strip_Empty_And_Redundant_Seperators(&quot;///&quot;)" executed="True" result="Success" success="True" time="0.000" asserts="1" />
                          <test-case name="Roadkill.Tests.Unit.AttachmentPathUtilTests.ConvertUrlPathToPhysicalPath_Should_Strip_Empty_And_Redundant_Seperators(&quot;&quot;)" executed="True" result="Success" success="True" time="0.000" asserts="1" />
                        </results>
                      </test-suite>
                      <test-case name="Roadkill.Tests.Unit.AttachmentPathUtilTests.IsAttachmentPathValid_Should_Be_Case_Insensitive" executed="True" result="Success" success="True" time="0.005" asserts="1" />
                      <test-suite type="ParameterizedTest" name="IsAttachmentPathValid_Should_Be_False_For_Invalid_Paths" executed="True" result="Success" success="True" time="0.022" asserts="0">
                        <results>
                          <test-case name="Roadkill.Tests.Unit.AttachmentPathUtilTests.IsAttachmentPathValid_Should_Be_False_For_Invalid_Paths(&quot;./../&quot;,False)" executed="True" result="Success" success="True" time="0.001" asserts="1" />
                          <test-case name="Roadkill.Tests.Unit.AttachmentPathUtilTests.IsAttachmentPathValid_Should_Be_False_For_Invalid_Paths(&quot;\\..&quot;,False)" executed="True" result="Success" success="True" time="0.001" asserts="1" />
                          <test-case name="Roadkill.Tests.Unit.AttachmentPathUtilTests.IsAttachmentPathValid_Should_Be_False_For_Invalid_Paths(&quot;{attachmentsfolder}..\\&quot;,False)" executed="True" result="Success" success="True" time="0.000" asserts="1" />
                          <test-case name="Roadkill.Tests.Unit.AttachmentPathUtilTests.IsAttachmentPathValid_Should_Be_False_For_Invalid_Paths(&quot;{attachmentsfolder}.\\..\\&quot;,False)" executed="True" result="Success" success="True" time="0.000" asserts="1" />
                          <test-case name="Roadkill.Tests.Unit.AttachmentPathUtilTests.IsAttachmentPathValid_Should_Be_False_For_Invalid_Paths(&quot;{attachmentsfolder}..\\.\\&quot;,False)" executed="True" result="Success" success="True" time="0.000" asserts="1" />
                          <test-case name="Roadkill.Tests.Unit.AttachmentPathUtilTests.IsAttachmentPathValid_Should_Be_False_For_Invalid_Paths(&quot;/&quot;,False)" executed="True" result="Success" success="True" time="0.000" asserts="1" />
                          <test-case name="Roadkill.Tests.Unit.AttachmentPathUtilTests.IsAttachmentPathValid_Should_Be_False_For_Invalid_Paths(&quot;/folder1&quot;,False)" executed="True" result="Success" success="True" time="0.000" asserts="1" />
                          <test-case name="Roadkill.Tests.Unit.AttachmentPathUtilTests.IsAttachmentPathValid_Should_Be_False_For_Invalid_Paths(&quot;/folder1/folder2&quot;,False)" executed="True" result="Success" success="True" time="0.000" asserts="1" />
                          <test-case name="Roadkill.Tests.Unit.AttachmentPathUtilTests.IsAttachmentPathValid_Should_Be_False_For_Invalid_Paths(&quot;..\\&quot;,False)" executed="True" result="Success" success="True" time="0.000" asserts="1" />
                          <test-case name="Roadkill.Tests.Unit.AttachmentPathUtilTests.IsAttachmentPathValid_Should_Be_False_For_Invalid_Paths(&quot;{attachmentsfolder}.\\&quot;,False)" executed="True" result="Success" success="True" time="0.000" asserts="1" />
                          <test-case name="Roadkill.Tests.Unit.AttachmentPathUtilTests.IsAttachmentPathValid_Should_Be_False_For_Invalid_Paths(&quot;{attachmentsfolder}\\.&quot;,False)" executed="True" result="Success" success="True" time="0.000" asserts="1" />
                          <test-case name="Roadkill.Tests.Unit.AttachmentPathUtilTests.IsAttachmentPathValid_Should_Be_False_For_Invalid_Paths(&quot;{attachmentsfolder}\\..&quot;,False)" executed="True" result="Success" success="True" time="0.000" asserts="1" />
                          <test-case name="Roadkill.Tests.Unit.AttachmentPathUtilTests.IsAttachmentPathValid_Should_Be_False_For_Invalid_Paths(&quot;.\\&quot;,False)" executed="True" result="Success" success="True" time="0.000" asserts="1" />
                          <test-case name="Roadkill.Tests.Unit.AttachmentPathUtilTests.IsAttachmentPathValid_Should_Be_False_For_Invalid_Paths(&quot;\\.&quot;,False)" executed="True" result="Success" success="True" time="0.000" asserts="1" />
                        </results>
                      </test-suite>
                      <test-case name="Roadkill.Tests.Unit.AttachmentPathUtilTests.IsAttachmentPathValid_Should_Be_False_For_Valid_Path_That_Does_Not_Exist" executed="True" result="Success" success="True" time="0.001" asserts="1" />
                      <test-case name="Roadkill.Tests.Unit.AttachmentPathUtilTests.IsAttachmentPathValid_Should_Be_True_For_EmptyString" executed="True" result="Success" success="True" time="0.001" asserts="1" />
                      <test-suite type="ParameterizedTest" name="IsAttachmentPathValid_Should_Be_True_For_Valid_Paths" executed="True" result="Success" success="True" time="0.004" asserts="0">
                        <results>
                          <test-case name="Roadkill.Tests.Unit.AttachmentPathUtilTests.IsAttachmentPathValid_Should_Be_True_For_Valid_Paths(&quot;{attachmentsfolder}&quot;,True)" executed="True" result="Success" success="True" time="0.001" asserts="1" />
                          <test-case name="Roadkill.Tests.Unit.AttachmentPathUtilTests.IsAttachmentPathValid_Should_Be_True_For_Valid_Paths(&quot;{attachmentsfolder}folder1\\folder2&quot;,True)" executed="True" result="Success" success="True" time="0.001" asserts="1" />
                          <test-case name="Roadkill.Tests.Unit.AttachmentPathUtilTests.IsAttachmentPathValid_Should_Be_True_For_Valid_Paths(&quot;{attachmentsfolder}folder1&quot;,True)" executed="True" result="Success" success="True" time="0.001" asserts="1" />
                        </results>
                      </test-suite>
                      <test-case name="Roadkill.Tests.Unit.AttachmentPathUtilTests.IsAttachmentPathValid_Should_Be_True_For_Valid_SubDirectory" executed="True" result="Success" success="True" time="0.002" asserts="1" />
                    </results>
                  </test-suite>
                  <test-suite type="TestFixture" name="AuthorizationProviderTests" executed="True" result="Success" success="True" time="0.057" asserts="0">
                    <categories>
                      <category name="Unit" />
                    </categories>
                    <results>
                      <test-case name="Roadkill.Tests.Unit.AuthorizationProviderTests.IsAdmin_Should_Return_False_For_Editor_User" executed="True" result="Success" success="True" time="0.024" asserts="1" />
                      <test-case name="Roadkill.Tests.Unit.AuthorizationProviderTests.IsAdmin_Should_Return_False_When_No_Identity_Name_Set" executed="True" result="Success" success="True" time="0.001" asserts="1" />
                      <test-case name="Roadkill.Tests.Unit.AuthorizationProviderTests.IsAdmin_Should_Return_False_When_Not_Authenticated" executed="True" result="Success" success="True" time="0.000" asserts="1" />
                      <test-case name="Roadkill.Tests.Unit.AuthorizationProviderTests.IsAdmin_Should_Return_True_For_Admin_User" executed="True" result="Success" success="True" time="0.000" asserts="1" />
                      <test-case name="Roadkill.Tests.Unit.AuthorizationProviderTests.IsAdmin_Should_Return_True_When_No_Admin_Role_Set" executed="True" result="Success" success="True" time="0.000" asserts="1" />
                      <test-case name="Roadkill.Tests.Unit.AuthorizationProviderTests.IsEditor_Should_Return_False_When_No_Identity_Name_Set" executed="True" result="Success" success="True" time="0.001" asserts="1" />
                      <test-case name="Roadkill.Tests.Unit.AuthorizationProviderTests.IsEditor_Should_Return_False_When_Not_Authenticated" executed="True" result="Success" success="True" time="0.000" asserts="1" />
                      <test-case name="Roadkill.Tests.Unit.AuthorizationProviderTests.IsEditor_Should_Return_False_When_User_Is_Not_Admin_Or_Editor" executed="True" result="Success" success="True" time="0.001" asserts="1" />
                      <test-case name="Roadkill.Tests.Unit.AuthorizationProviderTests.IsEditor_Should_Return_True_For_Admin_User" executed="True" result="Success" success="True" time="0.000" asserts="1" />
                      <test-case name="Roadkill.Tests.Unit.AuthorizationProviderTests.IsEditor_Should_Return_True_For_Editor_User" executed="True" result="Success" success="True" time="0.000" asserts="1" />
                      <test-case name="Roadkill.Tests.Unit.AuthorizationProviderTests.IsEditor_Should_Return_True_When_No_Editor_Role_Set" executed="True" result="Success" success="True" time="0.000" asserts="1" />
                      <test-case name="Roadkill.Tests.Unit.AuthorizationProviderTests.IsViewer_Should_Return_True_When_Not_Authenticated" executed="True" result="Success" success="True" time="0.000" asserts="1" />
                      <test-case name="Roadkill.Tests.Unit.AuthorizationProviderTests.Should_Throw_Argument_Null_Exception_For_Null_ApplicationSettings" executed="True" result="Success" success="True" time="0.009" asserts="0" />
                      <test-case name="Roadkill.Tests.Unit.AuthorizationProviderTests.Should_Throw_Argument_Null_Exception_For_Null_UserService" executed="True" result="Success" success="True" time="0.000" asserts="0" />
                    </results>
                  </test-suite>
                  <test-suite type="Namespace" name="Cache" executed="True" result="Success" success="True" time="0.238" asserts="0">
                    <results>
                      <test-suite type="TestFixture" name="ListCacheTests" executed="True" result="Success" success="True" time="0.041" asserts="0">
                        <categories>
                          <category name="Unit" />
                        </categories>
                        <results>
                          <test-case name="Roadkill.Tests.Unit.Cache.ListCacheTests.RemoveAll_Should_Remove_ListCache_Keys_Only" executed="True" result="Success" success="True" time="0.019" asserts="1" />
                          <test-case name="Roadkill.Tests.Unit.Cache.ListCacheTests.Should_Add_Item" executed="True" result="Success" success="True" time="0.001" asserts="1" />
                          <test-case name="Roadkill.Tests.Unit.Cache.ListCacheTests.Should_Get_Item" executed="True" result="Success" success="True" time="0.002" asserts="1" />
                          <test-case name="Roadkill.Tests.Unit.Cache.ListCacheTests.Should_GetAllKeys" executed="True" result="Success" success="True" time="0.003" asserts="2" />
                          <test-case name="Roadkill.Tests.Unit.Cache.ListCacheTests.Should_Not_Add_If_Cache_Disabled" executed="True" result="Success" success="True" time="0.002" asserts="2" />
                          <test-case name="Roadkill.Tests.Unit.Cache.ListCacheTests.Should_Not_Remove_If_Cache_Disabled" executed="True" result="Success" success="True" time="0.002" asserts="1" />
                          <test-case name="Roadkill.Tests.Unit.Cache.ListCacheTests.Should_Not_RemoveAll_If_Cache_Disabled" executed="True" result="Success" success="True" time="0.001" asserts="2" />
                          <test-case name="Roadkill.Tests.Unit.Cache.ListCacheTests.Should_Remove_Item" executed="True" result="Success" success="True" time="0.000" asserts="1" />
                          <test-case name="Roadkill.Tests.Unit.Cache.ListCacheTests.Should_RemoveAll_Items" executed="True" result="Success" success="True" time="0.001" asserts="1" />
                        </results>
                      </test-suite>
                      <test-suite type="TestFixture" name="PageServiceCacheTests" executed="True" result="Success" success="True" time="0.160" asserts="0">
                        <categories>
                          <category name="Unit" />
                        </categories>
                        <results>
                          <test-case name="Roadkill.Tests.Unit.Cache.PageServiceCacheTests.AddPage_Should_Clear_List_And_PageSummary_Caches" executed="True" result="Success" success="True" time="0.021" asserts="2" />
                          <test-suite type="ParameterizedTest" name="AllPages_Should_Add_To_Cache_When_Cache_Is_Empty" executed="True" result="Success" success="True" time="0.028" asserts="0">
                            <results>
                              <test-case name="Roadkill.Tests.Unit.Cache.PageServiceCacheTests.AllPages_Should_Add_To_Cache_When_Cache_Is_Empty(True)" executed="True" result="Success" success="True" time="0.025" asserts="2" />
                              <test-case name="Roadkill.Tests.Unit.Cache.PageServiceCacheTests.AllPages_Should_Add_To_Cache_When_Cache_Is_Empty(False)" executed="True" result="Success" success="True" time="0.001" asserts="2" />
                            </results>
                          </test-suite>
                          <test-suite type="ParameterizedTest" name="AllPages_Should_Load_From_Cache" executed="True" result="Success" success="True" time="0.003" asserts="0">
                            <results>
                              <test-case name="Roadkill.Tests.Unit.Cache.PageServiceCacheTests.AllPages_Should_Load_From_Cache(True)" executed="True" result="Success" success="True" time="0.001" asserts="1" />
                              <test-case name="Roadkill.Tests.Unit.Cache.PageServiceCacheTests.AllPages_Should_Load_From_Cache(False)" executed="True" result="Success" success="True" time="0.000" asserts="1" />
                            </results>
                          </test-suite>
                          <test-case name="Roadkill.Tests.Unit.Cache.PageServiceCacheTests.AllPagesCreatedBy_Should_Add_To_Cache_When_Cache_Is_Empty" executed="True" result="Success" success="True" time="0.004" asserts="2" />
                          <test-case name="Roadkill.Tests.Unit.Cache.PageServiceCacheTests.AllPagesCreatedBy_Should_Load_From_Cache" executed="True" result="Success" success="True" time="0.001" asserts="2" />
                          <test-case name="Roadkill.Tests.Unit.Cache.PageServiceCacheTests.AllTags_Should_Add_To_Cache_When_Cache_Is_Empty" executed="True" result="Success" success="True" time="0.003" asserts="2" />
                          <test-case name="Roadkill.Tests.Unit.Cache.PageServiceCacheTests.AllTags_Should_Load_From_Cache" executed="True" result="Success" success="True" time="0.003" asserts="1" />
                          <test-case name="Roadkill.Tests.Unit.Cache.PageServiceCacheTests.DeletePage_Should_Clear_List_And_PageSummary_Caches" executed="True" result="Success" success="True" time="0.003" asserts="2" />
                          <test-case name="Roadkill.Tests.Unit.Cache.PageServiceCacheTests.FindByTag_Should_Add_To_Cache_When_Cache_Is_Empty" executed="True" result="Success" success="True" time="0.002" asserts="2" />
                          <test-case name="Roadkill.Tests.Unit.Cache.PageServiceCacheTests.FindByTag_Should_Load_From_Cache" executed="True" result="Success" success="True" time="0.001" asserts="2" />
                          <test-case name="Roadkill.Tests.Unit.Cache.PageServiceCacheTests.FindHomePage_Should_Add_To_Cache_When_Cache_Is_Empty" executed="True" result="Success" success="True" time="0.002" asserts="2" />
                          <test-case name="Roadkill.Tests.Unit.Cache.PageServiceCacheTests.FindHomePage_Should_Load_From_Cache" executed="True" result="Success" success="True" time="0.001" asserts="3" />
                          <test-case name="Roadkill.Tests.Unit.Cache.PageServiceCacheTests.GetById_Should_Add_To_Cache_When_PageSummary_Does_Not_Exist_In_Cache" executed="True" result="Success" success="True" time="0.005" asserts="4" />
                          <test-case name="Roadkill.Tests.Unit.Cache.PageServiceCacheTests.GetById_Should_Load_From_Cache_When_PageSummary_Exists_In_Cache" executed="True" result="Success" success="True" time="0.001" asserts="3" />
                          <test-case name="Roadkill.Tests.Unit.Cache.PageServiceCacheTests.RenameTag_Should_Clear_ListCache" executed="True" result="Success" success="True" time="0.011" asserts="1" />
                          <test-case name="Roadkill.Tests.Unit.Cache.PageServiceCacheTests.UpdatePage_Should_Clear_List_Cache_And_PageSummary_Cache" executed="True" result="Success" success="True" time="0.001" asserts="2" />
                          <test-case name="Roadkill.Tests.Unit.Cache.PageServiceCacheTests.UpdatePage_Should_Remove_Homepage_From_Cache_When_Homepage_Is_Updated" executed="True" result="Success" success="True" time="0.001" asserts="1" />
                        </results>
                      </test-suite>
                      <test-suite type="TestFixture" name="PageViewModelCacheTests" executed="True" result="Success" success="True" time="0.001" asserts="0">
                        <categories>
                          <category name="Unit" />
                        </categories>
                        <results>
                          <test-case name="Roadkill.Tests.Unit.Cache.PageViewModelCacheTests.RemoveAll_Should_Remove_PageViewModelCache_Keys_Only" executed="True" result="Success" success="True" time="0.001" asserts="1" />
                        </results>
                      </test-suite>
                      <test-suite type="TestFixture" name="SiteCacheTests" executed="True" result="Success" success="True" time="0.027" asserts="0">
                        <categories>
                          <category name="Unit" />
                        </categories>
                        <results>
                          <test-case name="Roadkill.Tests.Unit.Cache.SiteCacheTests.AddAdminMenu_Should_Cache_Html" executed="True" result="Success" success="True" time="0.001" asserts="2" />
                          <test-case name="Roadkill.Tests.Unit.Cache.SiteCacheTests.AddLoggedInMenu_Should_Cache_Html" executed="True" result="Success" success="True" time="0.001" asserts="2" />
                          <test-case name="Roadkill.Tests.Unit.Cache.SiteCacheTests.AddMenu_Should_Cache_Html" executed="True" result="Success" success="True" time="0.001" asserts="2" />
                          <test-case name="Roadkill.Tests.Unit.Cache.SiteCacheTests.GetAdminMenu_Should_Return_Correct_Html" executed="True" result="Success" success="True" time="0.000" asserts="1" />
                          <test-case name="Roadkill.Tests.Unit.Cache.SiteCacheTests.GetLoggedInMenu_Should_Return_Correct_Html" executed="True" result="Success" success="True" time="0.001" asserts="1" />
                          <test-case name="Roadkill.Tests.Unit.Cache.SiteCacheTests.GetMenu_Should_Return_Correct_Html" executed="True" result="Success" success="True" time="0.001" asserts="1" />
                          <test-case name="Roadkill.Tests.Unit.Cache.SiteCacheTests.GetPluginSettings_Should_Return_Plugin_Settings" executed="True" result="Success" success="True" time="0.006" asserts="2" />
                          <test-case name="Roadkill.Tests.Unit.Cache.SiteCacheTests.RemoveAll_Should_Remove_SiteCache_Keys_Only" executed="True" result="Success" success="True" time="0.002" asserts="1" />
                          <test-case name="Roadkill.Tests.Unit.Cache.SiteCacheTests.RemoveMenuCacheItems_Should_Clear_Cache_Items" executed="True" result="Success" success="True" time="0.001" asserts="1" />
                          <test-case name="Roadkill.Tests.Unit.Cache.SiteCacheTests.RemovePluginSettings_Should_Remove_Plugin_Settings" executed="True" result="Success" success="True" time="0.001" asserts="1" />
                          <test-case name="Roadkill.Tests.Unit.Cache.SiteCacheTests.UpdatePluginSettings_Should_Add_Plugin_Settings_ToCache" executed="True" result="Success" success="True" time="0.000" asserts="1" />
                        </results>
                      </test-suite>
                    </results>
                  </test-suite>
                  <test-suite type="TestFixture" name="CacheControllerTests" executed="True" result="Success" success="True" time="0.105" asserts="0">
                    <categories>
                      <category name="Unit" />
                    </categories>
                    <results>
                      <test-case name="Roadkill.Tests.Unit.CacheControllerTests.Clear_Should_Redirect_And_Clear_All_Cache_Items" executed="True" result="Success" success="True" time="0.043" asserts="4" />
                      <test-case name="Roadkill.Tests.Unit.CacheControllerTests.Index_Should_Return_ViewModel_With_Filled_Properties" executed="True" result="Success" success="True" time="0.059" asserts="6" />
                    </results>
                  </test-suite>
                  <test-suite type="TestFixture" name="ConfigurationTesterControllerTests" executed="True" result="Success" success="True" time="1.512" asserts="0">
                    <categories>
                      <category name="Unit" />
                    </categories>
                    <results>
                      <test-case name="Roadkill.Tests.Unit.ConfigurationTesterControllerTests.CopySqlite_Should_Return_Empty_Content_When_Installed_Is_True" executed="True" result="Success" success="True" time="0.005" asserts="2" />
                      <test-case name="Roadkill.Tests.Unit.ConfigurationTesterControllerTests.CopySqlite_Should_Return_JsonResult_And_TestResult_Model_Without_Errors" executed="True" result="Success" success="True" time="0.108" asserts="3" />
                      <test-case name="Roadkill.Tests.Unit.ConfigurationTesterControllerTests.TestAttachments_Should_Allow_Get_And_Return_Json_Result_And_TestResult_With_No_Errors" executed="True" result="Success" success="True" time="0.004" asserts="5" />
                      <test-case name="Roadkill.Tests.Unit.ConfigurationTesterControllerTests.TestAttachments_Should_Return_Empty_Content_When_Installed_Is_True" executed="True" result="Success" success="True" time="0.000" asserts="2" />
                      <test-case name="Roadkill.Tests.Unit.ConfigurationTesterControllerTests.TestAttachments_Should_Return_TestResult_With_Errors_For_UnWritable_Folder" executed="True" result="Success" success="True" time="0.001" asserts="2" />
                      <test-case name="Roadkill.Tests.Unit.ConfigurationTesterControllerTests.TestDatabaseConnection_Should_Allow_Get_And_Return_Json_Result_And_TestResult_With_No_Errors" executed="True" result="Success" success="True" time="1.323" asserts="5" />
                      <test-case name="Roadkill.Tests.Unit.ConfigurationTesterControllerTests.TestDatabaseConnection_Should_Return_Empty_Content_When_Installed_Is_True" executed="True" result="Success" success="True" time="0.000" asserts="2" />
                      <test-case name="Roadkill.Tests.Unit.ConfigurationTesterControllerTests.TestDatabaseConnection_Should_Return_TestResult_With_Errors_For_Invalid_ConnectionString" executed="True" result="Success" success="True" time="0.050" asserts="4" />
                      <test-case name="Roadkill.Tests.Unit.ConfigurationTesterControllerTests.TestLdap_Should_Return_Empty_Content_When_Installed_Is_True" executed="True" result="Success" success="True" time="0.001" asserts="2" />
                      <test-case name="Roadkill.Tests.Unit.ConfigurationTesterControllerTests.TestLdap_Should_Return_JsonResult_And_TestResult_Model_Without_Errors" executed="True" result="Success" success="True" time="0.001" asserts="3" />
                      <test-case name="Roadkill.Tests.Unit.ConfigurationTesterControllerTests.TestWebConfig_Should_Return_Empty_Content_When_Installed_Is_True" executed="True" result="Success" success="True" time="0.001" asserts="2" />
                      <test-case name="Roadkill.Tests.Unit.ConfigurationTesterControllerTests.TestWebConfig_Should_Return_JsonResult_And_TestResult_Model_Without_Errors" executed="True" result="Success" success="True" time="0.001" asserts="3" />
                    </results>
                  </test-suite>
                  <test-suite type="TestFixture" name="ControllerBaseTests" executed="True" result="Success" success="True" time="0.819" asserts="0">
                    <categories>
                      <category name="Unit" />
                    </categories>
                    <results>
                      <test-case name="Roadkill.Tests.Unit.ControllerBaseTests.Should_Not_Redirect_When_Installed_Is_False_And_Controller_Is_InstallerController" executed="True" result="Success" success="True" time="0.046" asserts="1" />
                      <test-case name="Roadkill.Tests.Unit.ControllerBaseTests.Should_Not_Redirect_When_UpgradeRequired_Is_True_Is_UpgradeController" executed="True" result="Success" success="True" time="0.006" asserts="1" />
                      <test-case name="Roadkill.Tests.Unit.ControllerBaseTests.Should_Redirect_When_Installed_Is_False" executed="True" result="Success" success="True" time="0.077" asserts="2" />
                      <test-case name="Roadkill.Tests.Unit.ControllerBaseTests.Should_Redirect_When_UpgradeRequired_Is_True" executed="True" result="Success" success="True" time="0.006" asserts="2" />
                      <test-case name="Roadkill.Tests.Unit.ControllerBaseTests.Should_Set_LoggedIn_User_And_ViewBag_Data" executed="True" result="Success" success="True" time="0.678" asserts="3" />
                    </results>
                  </test-suite>
                  <test-suite type="TestFixture" name="CreoleParserTests" executed="True" result="Success" success="True" time="0.052" asserts="0">
                    <categories>
                      <category name="Unit" />
                    </categories>
                    <results>
                      <test-case name="Roadkill.Tests.Unit.CreoleParserTests.External_Link_With_No_Description_Should_Render_Plain_Link_In_Anchor_Tag" executed="True" result="Success" success="True" time="0.002" asserts="1" />
                      <test-case name="Roadkill.Tests.Unit.CreoleParserTests.Four_Dashes_Should_Draw_Hr_Tag" executed="True" result="Success" success="True" time="0.000" asserts="1" />
                      <test-case name="Roadkill.Tests.Unit.CreoleParserTests.Free_Links_With_No_Square_Brackets_Should_Render_As_Anchor_Tags" executed="True" result="Success" success="True" time="0.001" asserts="1" />
                      <test-case name="Roadkill.Tests.Unit.CreoleParserTests.Internal_And_External_Links_Should_Render_As_Anchor_Tags" executed="True" result="Success" success="True" time="0.001" asserts="1" />
                      <test-case name="Roadkill.Tests.Unit.CreoleParserTests.Internal_Links_With_Quote_And_External_Link_Should_Render_As_Anchor_Tags" executed="True" result="Success" success="True" time="0.001" asserts="1" />
                      <test-case name="Roadkill.Tests.Unit.CreoleParserTests.Links_With_Tilde_Should_Not_Be_Escaped" executed="False" result="Ignored">
                        <reason>
                          <message><![CDATA[Currently failing]]></message>
                        </reason>
                      </test-case>
                      <test-case name="Roadkill.Tests.Unit.CreoleParserTests.Links_Within_Italic_Markup_Should_Render_Em_Tag_And_Anchor_Tag" executed="True" result="Success" success="True" time="0.001" asserts="1" />
                      <test-case name="Roadkill.Tests.Unit.CreoleParserTests.Should_Render_Bold_Across_Line_Breaks_But_Not_Paragraphs" executed="True" result="Success" success="True" time="0.002" asserts="1" />
                      <test-case name="Roadkill.Tests.Unit.CreoleParserTests.Should_Render_Bold_Italic_And_Combined" executed="True" result="Success" success="True" time="0.001" asserts="1" />
                      <test-case name="Roadkill.Tests.Unit.CreoleParserTests.Should_Render_H1_Html_For_Header1_Markup" executed="True" result="Success" success="True" time="0.001" asserts="1" />
                      <test-case name="Roadkill.Tests.Unit.CreoleParserTests.Should_Render_H1_Html_For_Header1_Markup_With_Ending_Equal_Sign" executed="True" result="Success" success="True" time="0.000" asserts="1" />
                      <test-case name="Roadkill.Tests.Unit.CreoleParserTests.Should_Render_H2_Html_For_Header2_Markup" executed="True" result="Success" success="True" time="0.000" asserts="1" />
                      <test-case name="Roadkill.Tests.Unit.CreoleParserTests.Should_Render_H2_Html_For_Header2_Markup_With_Ending_Equal_Sign" executed="True" result="Success" success="True" time="0.000" asserts="1" />
                      <test-case name="Roadkill.Tests.Unit.CreoleParserTests.Should_Render_H3_Html_For_Header3_Markup" executed="True" result="Success" success="True" time="0.000" asserts="1" />
                      <test-case name="Roadkill.Tests.Unit.CreoleParserTests.Should_Render_H3_Html_For_Header3_Markup_With_Ending_Equal_Sign" executed="True" result="Success" success="True" time="0.000" asserts="1" />
                      <test-case name="Roadkill.Tests.Unit.CreoleParserTests.Should_Render_H4_Html_For_Header4_Markup" executed="True" result="Success" success="True" time="0.000" asserts="1" />
                      <test-case name="Roadkill.Tests.Unit.CreoleParserTests.Should_Render_H4_Html_For_Header4_Markup_With_Ending_Equal_Sign" executed="True" result="Success" success="True" time="0.001" asserts="1" />
                      <test-case name="Roadkill.Tests.Unit.CreoleParserTests.Should_Render_H5_Html_For_Header5_Markup" executed="True" result="Success" success="True" time="0.000" asserts="1" />
                      <test-case name="Roadkill.Tests.Unit.CreoleParserTests.Should_Render_H5_Html_For_Header5_Markup_With_Ending_Equal_Sign" executed="True" result="Success" success="True" time="0.000" asserts="1" />
                      <test-case name="Roadkill.Tests.Unit.CreoleParserTests.Tables_Should_Be_Created_Without_Header" executed="True" result="Success" success="True" time="0.002" asserts="1" />
                      <test-case name="Roadkill.Tests.Unit.CreoleParserTests.Tag_Link_Should_Be_Replaced" executed="True" result="Success" success="True" time="0.001" asserts="1" />
                      <test-case name="Roadkill.Tests.Unit.CreoleParserTests.Template" executed="True" result="Success" success="True" time="0.000" asserts="1" />
                      <test-case name="Roadkill.Tests.Unit.CreoleParserTests.Text_should_Appear_After_Images" executed="True" result="Success" success="True" time="0.003" asserts="1" />
                      <test-case name="Roadkill.Tests.Unit.CreoleParserTests.Tilde_Should_Be_Escapeable" executed="True" result="Success" success="True" time="0.000" asserts="1" />
                      <test-case name="Roadkill.Tests.Unit.CreoleParserTests.Tilde_Should_Escape_Text" executed="True" result="Success" success="True" time="0.001" asserts="2" />
                      <test-case name="Roadkill.Tests.Unit.CreoleParserTests.Unknown_Protocols_Should_Render_As_Italic" executed="True" result="Success" success="True" time="0.001" asserts="1" />
                    </results>
                  </test-suite>
                  <test-suite type="Namespace" name="Database" executed="True" result="Success" success="True" time="0.039" asserts="0">
                    <results>
                      <test-suite type="TestFixture" name="EntityTests" executed="True" result="Success" success="True" time="0.004" asserts="0">
                        <results>
                          <test-case name="Roadkill.Tests.Unit.Database.EntityTests.PageContent_ObjectId_Should_Match_Id" executed="True" result="Success" success="True" time="0.001" asserts="1" />
                          <test-case name="Roadkill.Tests.Unit.Database.EntityTests.SiteConfigurationEntity_ObjectId_Should_Match_Id" executed="True" result="Success" success="True" time="0.001" asserts="1" />
                          <test-case name="Roadkill.Tests.Unit.Database.EntityTests.User_ObjectId_Should_Match_Id" executed="True" result="Success" success="True" time="0.000" asserts="1" />
                        </results>
                      </test-suite>
                      <test-suite type="Namespace" name="Schema" executed="True" result="Success" success="True" time="0.033" asserts="0">
                        <results>
                          <test-suite type="TestFixture" name="SchemaTests" description="Checks the various SchemaBase implementations get their embedded resource SQL scripts." executed="True" result="Success" success="True" time="0.033" asserts="0">
                            <categories>
                              <category name="Unit" />
                            </categories>
                            <results>
                              <test-suite type="ParameterizedTest" name="Schema_Create_Should_Contain_SQL" executed="True" result="Success" success="True" time="0.009" asserts="0">
                                <results>
                                  <test-case name="Roadkill.Tests.Unit.Database.Schema.SchemaTests.Schema_Create_Should_Contain_SQL(&quot;SqlServer2012&quot;)" executed="True" result="Success" success="True" time="0.002" asserts="1" />
                                  <test-case name="Roadkill.Tests.Unit.Database.Schema.SchemaTests.Schema_Create_Should_Contain_SQL(&quot;Postgres&quot;)" executed="True" result="Success" success="True" time="0.000" asserts="1" />
                                  <test-case name="Roadkill.Tests.Unit.Database.Schema.SchemaTests.Schema_Create_Should_Contain_SQL(&quot;MySql&quot;)" executed="True" result="Success" success="True" time="0.000" asserts="1" />
                                  <test-case name="Roadkill.Tests.Unit.Database.Schema.SchemaTests.Schema_Create_Should_Contain_SQL(&quot;Sqlite&quot;)" executed="True" result="Success" success="True" time="0.000" asserts="1" />
                                  <test-case name="Roadkill.Tests.Unit.Database.Schema.SchemaTests.Schema_Create_Should_Contain_SQL(&quot;SqlServerCe&quot;)" executed="True" result="Success" success="True" time="0.001" asserts="1" />
                                </results>
                              </test-suite>
                              <test-suite type="ParameterizedTest" name="Schema_Drop_Should_Contain_SQL" executed="True" result="Success" success="True" time="0.015" asserts="0">
                                <results>
                                  <test-case name="Roadkill.Tests.Unit.Database.Schema.SchemaTests.Schema_Drop_Should_Contain_SQL(&quot;Postgres&quot;)" executed="True" result="Success" success="True" time="0.000" asserts="1" />
                                  <test-case name="Roadkill.Tests.Unit.Database.Schema.SchemaTests.Schema_Drop_Should_Contain_SQL(&quot;SqlServer2012&quot;)" executed="True" result="Success" success="True" time="0.000" asserts="1" />
                                  <test-case name="Roadkill.Tests.Unit.Database.Schema.SchemaTests.Schema_Drop_Should_Contain_SQL(&quot;Sqlite&quot;)" executed="True" result="Success" success="True" time="0.000" asserts="1" />
                                  <test-case name="Roadkill.Tests.Unit.Database.Schema.SchemaTests.Schema_Drop_Should_Contain_SQL(&quot;MySql&quot;)" executed="True" result="Success" success="True" time="0.000" asserts="1" />
                                  <test-case name="Roadkill.Tests.Unit.Database.Schema.SchemaTests.Schema_Drop_Should_Contain_SQL(&quot;SqlServerCe&quot;)" executed="True" result="Success" success="True" time="0.000" asserts="1" />
                                </results>
                              </test-suite>
                              <test-suite type="ParameterizedTest" name="Schema_Upgrade_Should_Contain_SQL" executed="True" result="Success" success="True" time="0.006" asserts="0">
                                <results>
                                  <test-case name="Roadkill.Tests.Unit.Database.Schema.SchemaTests.Schema_Upgrade_Should_Contain_SQL(&quot;SqlServer2012&quot;)" executed="True" result="Success" success="True" time="0.000" asserts="1" />
                                  <test-case name="Roadkill.Tests.Unit.Database.Schema.SchemaTests.Schema_Upgrade_Should_Contain_SQL(&quot;MySql&quot;)" executed="True" result="Success" success="True" time="0.000" asserts="1" />
                                  <test-case name="Roadkill.Tests.Unit.Database.Schema.SchemaTests.Schema_Upgrade_Should_Contain_SQL(&quot;Postgres&quot;)" executed="True" result="Success" success="True" time="0.000" asserts="1" />
                                  <test-case name="Roadkill.Tests.Unit.Database.Schema.SchemaTests.Schema_Upgrade_Should_Contain_SQL(&quot;Sqlite&quot;)" executed="True" result="Success" success="True" time="0.000" asserts="1" />
                                  <test-case name="Roadkill.Tests.Unit.Database.Schema.SchemaTests.Schema_Upgrade_Should_Contain_SQL(&quot;SqlServerCe&quot;)" executed="True" result="Success" success="True" time="0.000" asserts="1" />
                                </results>
                              </test-suite>
                            </results>
                          </test-suite>
                        </results>
                      </test-suite>
                    </results>
                  </test-suite>
                  <test-suite type="TestFixture" name="DataStoreTypeTests" executed="True" result="Success" success="True" time="0.013" asserts="0">
                    <categories>
                      <category name="Unit" />
                    </categories>
                    <results>
                      <test-case name="Roadkill.Tests.Unit.DataStoreTypeTests.AllMonoTypes_Should_Only_Contain_Dbs_Supported_On_Linux" executed="True" result="Success" success="True" time="0.000" asserts="4" />
                      <test-case name="Roadkill.Tests.Unit.DataStoreTypeTests.AllTypes_Should_Contain_MongoDB_With_Custom_Repository" executed="True" result="Success" success="True" time="0.002" asserts="2" />
                      <test-case name="Roadkill.Tests.Unit.DataStoreTypeTests.AllTypes_Should_Contain_Types_With_Name_And_Description" executed="True" result="Success" success="True" time="0.001" asserts="16" />
                      <test-case name="Roadkill.Tests.Unit.DataStoreTypeTests.ByName_Should_Find_DataStoreType_And_Be_Case_Insensitive" executed="True" result="Success" success="True" time="0.000" asserts="1" />
                      <test-case name="Roadkill.Tests.Unit.DataStoreTypeTests.ByName_Should_Throw_DatabaseException_If_DataStoreType_Not_Found" executed="True" result="Success" success="True" time="0.001" asserts="0" />
                    </results>
                  </test-suite>
                  <test-suite type="TestFixture" name="DependencyManagerTests" executed="True" result="Success" success="True" time="0.707" asserts="0">
                    <categories>
                      <category name="Unit" />
                    </categories>
                    <results>
                      <test-case name="Roadkill.Tests.Unit.DependencyManagerTests.Custom_Configuration_Repository_And_Context_Types_Should_Be_Registered" executed="True" result="Success" success="True" time="0.074" asserts="2" />
                      <test-case name="Roadkill.Tests.Unit.DependencyManagerTests.RegisterMvcFactoriesAndRouteHandlers_Requires_Run_First" executed="True" result="Success" success="True" time="0.034" asserts="0" />
                      <test-case name="Roadkill.Tests.Unit.DependencyManagerTests.RegisterMvcFactoriesAndRouteHandlers_Should_Register_Instances" executed="True" result="Success" success="True" time="0.260" asserts="4" />
                      <test-case name="Roadkill.Tests.Unit.DependencyManagerTests.Should_Copy_Plugins" executed="True" result="Success" success="True" time="0.000" asserts="0" />
                      <test-case name="Roadkill.Tests.Unit.DependencyManagerTests.Should_Fill_IAuthorizationAttribute_Properties" executed="True" result="Success" success="True" time="0.016" asserts="1" />
                      <test-case name="Roadkill.Tests.Unit.DependencyManagerTests.Should_Fill_ISetterInjected_Properties" executed="True" result="Success" success="True" time="0.001" asserts="5" />
                      <test-case name="Roadkill.Tests.Unit.DependencyManagerTests.Should_Load_ActiveDirectory_UserService_When_UseWindowsAuth_Is_True" executed="True" result="Success" success="True" time="0.047" asserts="1" />
                      <test-case name="Roadkill.Tests.Unit.DependencyManagerTests.Should_Load_Custom_Repository_From_DatabaseType" executed="True" result="Success" success="True" time="0.006" asserts="1" />
                      <test-case name="Roadkill.Tests.Unit.DependencyManagerTests.Should_Load_Custom_UserService" executed="True" result="Success" success="True" time="0.063" asserts="1" />
                      <test-case name="Roadkill.Tests.Unit.DependencyManagerTests.Should_Register_Controller_Instances" executed="True" result="Success" success="True" time="0.130" asserts="1" />
                      <test-case name="Roadkill.Tests.Unit.DependencyManagerTests.Should_Register_Service_Instances_When_Windows_Auth_Enabled" executed="True" result="Success" success="True" time="0.011" asserts="1" />
                      <test-case name="Roadkill.Tests.Unit.DependencyManagerTests.Should_Use_FormsAuthUserService_By_Default" executed="True" result="Success" success="True" time="0.004" asserts="1" />
                      <test-case name="Roadkill.Tests.Unit.DependencyManagerTests.Single_Constructor_Argument_Should_Register_Default_Instances" executed="True" result="Success" success="True" time="0.030" asserts="13" />
                      <test-case name="Roadkill.Tests.Unit.DependencyManagerTests.Three_Constructor_Argument_Should_Throw_If_Installed_With_No_Connection_String" executed="True" result="Success" success="True" time="0.001" asserts="0" />
                      <test-case name="Roadkill.Tests.Unit.DependencyManagerTests.WindowsAuth_Should_Register_ActiveDirectoryUserManager" executed="True" result="Success" success="True" time="0.005" asserts="1" />
                    </results>
                  </test-suite>
                  <test-suite type="TestFixture" name="DirectoryViewModelTests" executed="True" result="Success" success="True" time="0.004" asserts="0">
                    <categories>
                      <category name="Unit" />
                    </categories>
                    <results>
                      <test-case name="Roadkill.Tests.Unit.DirectoryViewModelTests.Constructor_Should_Create_Empty_Files_And_ChildFolders" executed="True" result="Success" success="True" time="0.001" asserts="2" />
                      <test-case name="Roadkill.Tests.Unit.DirectoryViewModelTests.Constructor_Should_Fill_Properties" executed="True" result="Success" success="True" time="0.000" asserts="2" />
                    </results>
                  </test-suite>
                  <test-suite type="TestFixture" name="EditorRequiredAttributeTests" executed="True" result="Success" success="True" time="0.014" asserts="0">
                    <categories>
                      <category name="Unit" />
                    </categories>
                    <results>
                      <test-case name="Roadkill.Tests.Unit.EditorRequiredAttributeTests.Should_Throw_SecurityException_When_AuthorizationProvider_Is_Null" executed="True" result="Success" success="True" time="0.007" asserts="0" />
                      <test-case name="Roadkill.Tests.Unit.EditorRequiredAttributeTests.Should_Use_AuthorizationProvider" executed="True" result="Success" success="True" time="0.006" asserts="1" />
                    </results>
                  </test-suite>
                  <test-suite type="TestFixture" name="EmailTemplateTests" executed="True" result="Success" success="True" time="0.067" asserts="0">
                    <categories>
                      <category name="Unit" />
                    </categories>
                    <results>
                      <test-case name="Roadkill.Tests.Unit.EmailTemplateTests.ReadTemplateFile_Should_Read_CultureUI_Textfile_Contents" executed="True" result="Success" success="True" time="0.003" asserts="1" />
                      <test-case name="Roadkill.Tests.Unit.EmailTemplateTests.ReadTemplateFile_Should_Read_Textfile_Contents" executed="True" result="Success" success="True" time="0.001" asserts="1" />
                      <test-case name="Roadkill.Tests.Unit.EmailTemplateTests.ReplaceTokens_Should_Get_SiteSettings_From_Repository" executed="True" result="Success" success="True" time="0.002" asserts="1" />
                      <test-case name="Roadkill.Tests.Unit.EmailTemplateTests.ReplaceTokens_Should_Replace_All_Tokens_From_Model" executed="True" result="Success" success="True" time="0.001" asserts="1" />
                      <test-case name="Roadkill.Tests.Unit.EmailTemplateTests.ResetPasswordEmail_Send_Should_Read_ResetPassword_Txt_And_Html_File_Templates" executed="True" result="Success" success="True" time="0.039" asserts="5" />
                      <test-case name="Roadkill.Tests.Unit.EmailTemplateTests.Send_Should_Change_PickupDirectory_To_AppDomainRoot_When_Starting_With_VirtualPath_And_DeliveryType_Is_PickupLocation" executed="True" result="Success" success="True" time="0.001" asserts="1" />
                      <test-case name="Roadkill.Tests.Unit.EmailTemplateTests.Send_Should_Set_Two_Alternative_Views_With_PlainText_And_Html" executed="True" result="Success" success="True" time="0.001" asserts="3" />
                      <test-case name="Roadkill.Tests.Unit.EmailTemplateTests.Send_Should_Throw_EmailException_When_Model_Email_And_NewEmail_Is_Empty" executed="True" result="Success" success="True" time="0.001" asserts="0" />
                      <test-case name="Roadkill.Tests.Unit.EmailTemplateTests.Send_Should_Throw_EmailException_When_Model_Is_Null" executed="True" result="Success" success="True" time="0.000" asserts="0" />
                      <test-case name="Roadkill.Tests.Unit.EmailTemplateTests.Send_Should_Throw_EmailException_When_PlainTextView_Is_Empty" executed="True" result="Success" success="True" time="0.000" asserts="0" />
                      <test-case name="Roadkill.Tests.Unit.EmailTemplateTests.Send_Should_Use_EmailClient_To_Send" executed="True" result="Success" success="True" time="0.000" asserts="1" />
                      <test-case name="Roadkill.Tests.Unit.EmailTemplateTests.Should_Use_Default_SmtpClient_When_Client_Is_Null_In_Constructor" executed="True" result="Success" success="True" time="0.000" asserts="1" />
                      <test-case name="Roadkill.Tests.Unit.EmailTemplateTests.SignupEmail_Send_Should_Read_Signup_Txt_And_Html_File_Templates" executed="True" result="Success" success="True" time="0.002" asserts="5" />
                    </results>
                  </test-suite>
                  <test-suite type="TestFixture" name="ExtensionsTests" executed="True" result="Success" success="True" time="0.035" asserts="0">
                    <categories>
                      <category name="Unit" />
                    </categories>
                    <results>
                      <test-case name="Roadkill.Tests.Unit.ExtensionsTests.Append_Should_Add_Tabs_Text" executed="True" result="Success" success="True" time="0.002" asserts="1" />
                      <test-case name="Roadkill.Tests.Unit.ExtensionsTests.Append_Should_Add_Tabs_To_Line" executed="True" result="Success" success="True" time="0.000" asserts="1" />
                      <test-case name="Roadkill.Tests.Unit.ExtensionsTests.ClearMilliseconds_Should_Set_Milliseconds_To_Zero" executed="True" result="Success" success="True" time="0.025" asserts="1" />
                      <test-case name="Roadkill.Tests.Unit.ExtensionsTests.FromBase64_Should_Dencode_String_To_Plain_Text" executed="True" result="Success" success="True" time="0.001" asserts="1" />
                      <test-case name="Roadkill.Tests.Unit.ExtensionsTests.ToBase64_Should_Encode_String_With_Expected_Format" executed="True" result="Success" success="True" time="0.001" asserts="1" />
                    </results>
                  </test-suite>
                  <test-suite type="TestFixture" name="FileManagerControllerTests" executed="True" result="Success" success="True" time="0.595" asserts="0">
                    <categories>
                      <category name="Unit" />
                    </categories>
                    <results>
                      <test-suite type="ParameterizedTest" name="Actions_Should_Have_AdminRequired_Attribute" executed="True" result="Success" success="True" time="0.016" asserts="0">
                        <results>
                          <test-case name="Roadkill.Tests.Unit.FileManagerControllerTests.Actions_Should_Have_AdminRequired_Attribute(&quot;DeleteFile&quot;)" executed="True" result="Success" success="True" time="0.007" asserts="1" />
                          <test-case name="Roadkill.Tests.Unit.FileManagerControllerTests.Actions_Should_Have_AdminRequired_Attribute(&quot;DeleteFolder&quot;)" executed="True" result="Success" success="True" time="0.005" asserts="1" />
                        </results>
                      </test-suite>
                      <test-suite type="ParameterizedTest" name="Actions_Should_Have_EditorRequired_Attribute" executed="True" result="Success" success="True" time="0.031" asserts="0">
                        <results>
                          <test-case name="Roadkill.Tests.Unit.FileManagerControllerTests.Actions_Should_Have_EditorRequired_Attribute(&quot;Upload&quot;)" executed="True" result="Success" success="True" time="0.005" asserts="1" />
                          <test-case name="Roadkill.Tests.Unit.FileManagerControllerTests.Actions_Should_Have_EditorRequired_Attribute(&quot;NewFolder&quot;)" executed="True" result="Success" success="True" time="0.005" asserts="1" />
                          <test-case name="Roadkill.Tests.Unit.FileManagerControllerTests.Actions_Should_Have_EditorRequired_Attribute(&quot;Index&quot;)" executed="True" result="Success" success="True" time="0.005" asserts="1" />
                          <test-case name="Roadkill.Tests.Unit.FileManagerControllerTests.Actions_Should_Have_EditorRequired_Attribute(&quot;Select&quot;)" executed="True" result="Success" success="True" time="0.005" asserts="1" />
                          <test-case name="Roadkill.Tests.Unit.FileManagerControllerTests.Actions_Should_Have_EditorRequired_Attribute(&quot;FolderInfo&quot;)" executed="True" result="Success" success="True" time="0.005" asserts="1" />
                        </results>
                      </test-suite>
                      <test-case name="Roadkill.Tests.Unit.FileManagerControllerTests.Controller_Should_Have_EditorRequired_Attribute" executed="True" result="Success" success="True" time="0.005" asserts="1" />
                      <test-case name="Roadkill.Tests.Unit.FileManagerControllerTests.DeleteFile_In_Subfolder_Should_Return_Ok_Json_Status_And_Delete_File" executed="True" result="Success" success="True" time="0.032" asserts="5" />
                      <test-case name="Roadkill.Tests.Unit.FileManagerControllerTests.DeleteFile_Missing_File_Should_Return_Json_Status_Ok" executed="True" result="Success" success="True" time="0.009" asserts="3" />
                      <test-case name="Roadkill.Tests.Unit.FileManagerControllerTests.DeleteFile_Should_Accept_HttpPost_Only" executed="True" result="Success" success="True" time="0.007" asserts="1" />
                      <test-case name="Roadkill.Tests.Unit.FileManagerControllerTests.DeleteFile_Should_Return_Ok_Json_Status_And_Delete_File" executed="True" result="Success" success="True" time="0.011" asserts="6" />
                      <test-case name="Roadkill.Tests.Unit.FileManagerControllerTests.DeleteFile_With_Bad_Paths_Throws_Exception" executed="True" result="Success" success="True" time="0.005" asserts="0" />
                      <test-case name="Roadkill.Tests.Unit.FileManagerControllerTests.DeleteFolder_Containing_Files_Should_Return_Error" executed="True" result="Success" success="True" time="0.012" asserts="4" />
                      <test-case name="Roadkill.Tests.Unit.FileManagerControllerTests.DeleteFolder_Empty_Folder_Argument_Returns_Error" executed="True" result="Success" success="True" time="0.019" asserts="4" />
                      <test-case name="Roadkill.Tests.Unit.FileManagerControllerTests.DeleteFolder_Should_Accept_HttpPost_Only" executed="True" result="Success" success="True" time="0.005" asserts="1" />
                      <test-case name="Roadkill.Tests.Unit.FileManagerControllerTests.DeleteFolder_Should_Return_Ok_Json_Status_And_Delete_Folder" executed="True" result="Success" success="True" time="0.010" asserts="5" />
                      <test-case name="Roadkill.Tests.Unit.FileManagerControllerTests.DeleteFolder_With_Bad_Paths_Should_Throw_Exception" executed="True" result="Success" success="True" time="0.005" asserts="0" />
                      <test-case name="Roadkill.Tests.Unit.FileManagerControllerTests.DeleteFolder_With_Folder_That_Has_Subdirectories_Should_Return_Error" executed="True" result="Success" success="True" time="0.010" asserts="4" />
                      <test-case name="Roadkill.Tests.Unit.FileManagerControllerTests.DeleteFolder_With_Missing_Directory_Should_Return_Error" executed="True" result="Success" success="True" time="0.010" asserts="4" />
                      <test-case name="Roadkill.Tests.Unit.FileManagerControllerTests.DeleteFolder_With_SubDirectory_Should_Return_Ok_Json_Status_And_Delete_Folder" executed="True" result="Success" success="True" time="0.010" asserts="6" />
                      <test-case name="Roadkill.Tests.Unit.FileManagerControllerTests.FileUpload_Should_Be_Case_Insensitive" executed="True" result="Success" success="True" time="0.065" asserts="5" />
                      <test-case name="Roadkill.Tests.Unit.FileManagerControllerTests.FileUpload_Should_OverWrite_Existing_File_WhenOverWriteFiles_Setting_Is_True" executed="True" result="Success" success="True" time="0.020" asserts="5" />
                      <test-case name="Roadkill.Tests.Unit.FileManagerControllerTests.FileUpload_Should_Return_Error_Json_Status_When_File_Exists_And_OverWriteFiles_Setting_Is_False" executed="True" result="Success" success="True" time="0.015" asserts="5" />
                      <test-case name="Roadkill.Tests.Unit.FileManagerControllerTests.FileUpload_Should_Return_Error_Json_Status_When_File_Exists_And_OverWriteFiles_Setting_Is_False_For_Multiple_Files" executed="True" result="Success" success="True" time="0.027" asserts="9" />
                      <test-case name="Roadkill.Tests.Unit.FileManagerControllerTests.FileUpload_Should_Return_Error_Json_Status_When_File_Has_Bad_Extension" executed="True" result="Success" success="True" time="0.014" asserts="5" />
                      <test-case name="Roadkill.Tests.Unit.FileManagerControllerTests.FileUpload_With_Bad_Folder_Path_Should_Throw_Exception" executed="True" result="Success" success="True" time="0.011" asserts="0" />
                      <test-case name="Roadkill.Tests.Unit.FileManagerControllerTests.FileUpload_With_Missing_Folder_Should_Throw_Exception" executed="True" result="Success" success="True" time="0.006" asserts="0" />
                      <test-case name="Roadkill.Tests.Unit.FileManagerControllerTests.FileUpload_With_Multiple_Files_To_Root_Should_Save_Files_To_Disk_And_Return_Ok_Json_Status" executed="True" result="Success" success="True" time="0.017" asserts="6" />
                      <test-case name="Roadkill.Tests.Unit.FileManagerControllerTests.FileUpload_With_Multiple_Files_To_SubFolder_Should_Save_Files_To_Disk_And_Return_Ok_Json_Status" executed="True" result="Success" success="True" time="0.020" asserts="6" />
                      <test-case name="Roadkill.Tests.Unit.FileManagerControllerTests.FileUpload_With_No_Files_To_Root_Should_Return_Ok_Json_Status" executed="True" result="Success" success="True" time="0.011" asserts="4" />
                      <test-case name="Roadkill.Tests.Unit.FileManagerControllerTests.FileUpload_With_Single_File_To_Root_Should_Save_File_To_Disk_And_Return_Ok_Json_Status" executed="True" result="Success" success="True" time="0.015" asserts="5" />
                      <test-case name="Roadkill.Tests.Unit.FileManagerControllerTests.FolderInfo_Should_Accept_HttpPost_Only" executed="True" result="Success" success="True" time="0.005" asserts="1" />
                      <test-case name="Roadkill.Tests.Unit.FileManagerControllerTests.FolderInfo_With_Bad_Folder_Path_Should_Throw_Exception" executed="True" result="Success" success="True" time="0.007" asserts="0" />
                      <test-case name="Roadkill.Tests.Unit.FileManagerControllerTests.FolderInfo_With_Empty_Path_Should_Contain_Model_With_Root" executed="True" result="Success" success="True" time="0.007" asserts="6" />
                      <test-case name="Roadkill.Tests.Unit.FileManagerControllerTests.FolderInfo_With_Missing_Directory_Should_Throw_Exception" executed="True" result="Success" success="True" time="0.005" asserts="0" />
                      <test-case name="Roadkill.Tests.Unit.FileManagerControllerTests.FolderInfo_With_Root_Should_Contain_Model" executed="True" result="Success" success="True" time="0.006" asserts="6" />
                      <test-case name="Roadkill.Tests.Unit.FileManagerControllerTests.FolderInfo_With_SubFolder_Should_Contain_Model" executed="True" result="Success" success="True" time="0.007" asserts="6" />
                      <test-case name="Roadkill.Tests.Unit.FileManagerControllerTests.Index_Should_Return_View" executed="True" result="Success" success="True" time="0.006" asserts="1" />
                      <test-case name="Roadkill.Tests.Unit.FileManagerControllerTests.NewFolder_In_Root_Folder_Should_Create_Folder_And_Return_Ok_Json_Status" executed="True" result="Success" success="True" time="0.011" asserts="5" />
                      <test-case name="Roadkill.Tests.Unit.FileManagerControllerTests.NewFolder_Should_Accept_HttpPost_Only" executed="True" result="Success" success="True" time="0.006" asserts="1" />
                      <test-case name="Roadkill.Tests.Unit.FileManagerControllerTests.NewFolder_With_Bad_Folder_Path_Should_Throw_Exception" executed="True" result="Success" success="True" time="0.005" asserts="0" />
                      <test-case name="Roadkill.Tests.Unit.FileManagerControllerTests.NewFolder_With_Empty_FolderName_Argument_Should_Return_Error" executed="True" result="Success" success="True" time="0.009" asserts="4" />
                      <test-case name="Roadkill.Tests.Unit.FileManagerControllerTests.NewFolder_With_Missing_Directory_Should_Return_Error" executed="True" result="Success" success="True" time="0.006" asserts="0" />
                      <test-case name="Roadkill.Tests.Unit.FileManagerControllerTests.NewFolder_With_SubDirectory_Should_Create_Folder_And_Return_Ok_Json_Status" executed="True" result="Success" success="True" time="0.011" asserts="4" />
                      <test-case name="Roadkill.Tests.Unit.FileManagerControllerTests.Select_Should_Return_View" executed="True" result="Success" success="True" time="0.005" asserts="1" />
                      <test-case name="Roadkill.Tests.Unit.FileManagerControllerTests.Upload_Should_Accept_HttpPost_Only" executed="True" result="Success" success="True" time="0.005" asserts="1" />
                    </results>
                  </test-suite>
                  <test-suite type="TestFixture" name="FileViewModelTests" executed="True" result="Success" success="True" time="0.002" asserts="0">
                    <categories>
                      <category name="Unit" />
                    </categories>
                    <results>
                      <test-case name="Roadkill.Tests.Unit.FileViewModelTests.Constructor_Should_Fill_Properties_And_Create_Empty_Files_And_ChildFolders" executed="True" result="Success" success="True" time="0.002" asserts="5" />
                    </results>
                  </test-suite>
                  <test-suite type="TestFixture" name="FormsAuthUserServiceTests" executed="True" result="Success" success="True" time="0.062" asserts="0">
                    <categories>
                      <category name="Unit" />
                    </categories>
                    <results>
                      <test-case name="Roadkill.Tests.Unit.FormsAuthUserServiceTests.AddAdmin_And_GetUserByEmail" executed="True" result="Success" success="True" time="0.005" asserts="10" />
                      <test-case name="Roadkill.Tests.Unit.FormsAuthUserServiceTests.AddEditor_And_GetUserByEmail" executed="True" result="Success" success="True" time="0.001" asserts="11" />
                      <test-case name="Roadkill.Tests.Unit.FormsAuthUserServiceTests.AddUser_With_Existing_Email_ShouldFail" executed="True" result="Success" success="True" time="0.001" asserts="3" />
                      <test-case name="Roadkill.Tests.Unit.FormsAuthUserServiceTests.AddUser_With_Existing_Username_ShouldFail" executed="True" result="Success" success="True" time="0.000" asserts="3" />
                      <test-case name="Roadkill.Tests.Unit.FormsAuthUserServiceTests.Authenticate_BadPassword_ShouldFail" executed="True" result="Success" success="True" time="0.001" asserts="3" />
                      <test-case name="Roadkill.Tests.Unit.FormsAuthUserServiceTests.Authenticate_BadUsername_ShouldFail" executed="True" result="Success" success="True" time="0.000" asserts="3" />
                      <test-case name="Roadkill.Tests.Unit.FormsAuthUserServiceTests.Authenticate_Should_Succeed" executed="True" result="Success" success="True" time="0.000" asserts="3" />
                      <test-case name="Roadkill.Tests.Unit.FormsAuthUserServiceTests.ChangePassword_Using_Correct_ExistingPassword" executed="True" result="Success" success="True" time="0.001" asserts="4" />
                      <test-case name="Roadkill.Tests.Unit.FormsAuthUserServiceTests.ChangePassword_Using_Incorrect_ExistingPassword" executed="True" result="Success" success="True" time="0.000" asserts="4" />
                      <test-case name="Roadkill.Tests.Unit.FormsAuthUserServiceTests.ChangePassword_With_EmptyPassword_ShouldFail" executed="True" result="Success" success="True" time="0.001" asserts="3" />
                      <test-case name="Roadkill.Tests.Unit.FormsAuthUserServiceTests.ChangePassword_With_No_Existing_Password_And_Authenticate" executed="True" result="Success" success="True" time="0.000" asserts="4" />
                      <test-case name="Roadkill.Tests.Unit.FormsAuthUserServiceTests.DeleteUser" executed="True" result="Success" success="True" time="0.001" asserts="5" />
                      <test-case name="Roadkill.Tests.Unit.FormsAuthUserServiceTests.GetUserById" executed="True" result="Success" success="True" time="0.001" asserts="5" />
                      <test-case name="Roadkill.Tests.Unit.FormsAuthUserServiceTests.IsAdmin_And_IsEditor" executed="True" result="Success" success="True" time="0.002" asserts="5" />
                      <test-case name="Roadkill.Tests.Unit.FormsAuthUserServiceTests.IsEditor_And_Is_Not_Admin" executed="True" result="Success" success="True" time="0.000" asserts="5" />
                      <test-case name="Roadkill.Tests.Unit.FormsAuthUserServiceTests.ListAdmins_And_ListEditors" executed="True" result="Success" success="True" time="0.003" asserts="6" />
                      <test-case name="Roadkill.Tests.Unit.FormsAuthUserServiceTests.ResetPassword" executed="True" result="Success" success="True" time="0.001" asserts="5" />
                      <test-case name="Roadkill.Tests.Unit.FormsAuthUserServiceTests.Signup_And_Activate" executed="True" result="Success" success="True" time="0.002" asserts="6" />
                      <test-case name="Roadkill.Tests.Unit.FormsAuthUserServiceTests.ToggleAdmin_And_ToggleEditor" executed="True" result="Success" success="True" time="0.001" asserts="7" />
                      <test-case name="Roadkill.Tests.Unit.FormsAuthUserServiceTests.UpdateUser" executed="True" result="Success" success="True" time="0.004" asserts="8" />
                      <test-case name="Roadkill.Tests.Unit.FormsAuthUserServiceTests.UpdateUser_With_Existing_Email_Fails" executed="True" result="Success" success="True" time="0.001" asserts="4" />
                      <test-case name="Roadkill.Tests.Unit.FormsAuthUserServiceTests.UpdateUser_With_Existing_Username_Fails" executed="True" result="Success" success="True" time="0.001" asserts="4" />
                      <test-case name="Roadkill.Tests.Unit.FormsAuthUserServiceTests.UserExists" executed="True" result="Success" success="True" time="0.001" asserts="5" />
                      <test-case name="Roadkill.Tests.Unit.FormsAuthUserServiceTests.UsernameExists" executed="True" result="Success" success="True" time="0.000" asserts="5" />
                    </results>
                  </test-suite>
                  <test-suite type="TestFixture" name="FromEntityTests" executed="True" result="Success" success="True" time="0.289" asserts="0">
                    <categories>
                      <category name="Unit" />
                    </categories>
                    <results>
                      <test-case name="Roadkill.Tests.Unit.FromEntityTests.ToPage_ShouldFillCorrectProperties" executed="True" result="Success" success="True" time="0.238" asserts="7" />
                      <test-case name="Roadkill.Tests.Unit.FromEntityTests.ToPageContent_ShouldFillCorrectProperties" executed="True" result="Success" success="True" time="0.027" asserts="6" />
                      <test-case name="Roadkill.Tests.Unit.FromEntityTests.ToPageContentList_ShouldContainValidList" executed="True" result="Success" success="True" time="0.001" asserts="4" />
                      <test-case name="Roadkill.Tests.Unit.FromEntityTests.ToPageList_ShouldContainValidList" executed="True" result="Success" success="True" time="0.002" asserts="4" />
                      <test-case name="Roadkill.Tests.Unit.FromEntityTests.ToUser_ShouldFillCorrectProperties" executed="True" result="Success" success="True" time="0.007" asserts="11" />
                      <test-case name="Roadkill.Tests.Unit.FromEntityTests.ToUserList_ShouldContainValidList" executed="True" result="Success" success="True" time="0.001" asserts="4" />
                    </results>
                  </test-suite>
                  <test-suite type="TestFixture" name="FullTrustConfigReaderWriterTests" description="Tests writing and reading .config files." executed="True" result="Success" success="True" time="0.435" asserts="0">
                    <categories>
                      <category name="Integration" />
                    </categories>
                    <results>
                      <test-case name="Roadkill.Tests.Unit.FullTrustConfigReaderWriterTests.GetApplicationSettings_Should_Find_Connection_Value_From_Connection_Setting" executed="True" result="Success" success="True" time="0.078" asserts="1" />
                      <test-case name="Roadkill.Tests.Unit.FullTrustConfigReaderWriterTests.GetApplicationSettings_Should_Have_Correct_Key_Mappings_And_Values" executed="True" result="Success" success="True" time="0.007" asserts="19" />
                      <test-case name="Roadkill.Tests.Unit.FullTrustConfigReaderWriterTests.GetApplicationSettings_Should_Use_Default_Values_When_Optional_Settings_Have_Missing_Values" executed="True" result="Success" success="True" time="0.006" asserts="11" />
                      <test-case name="Roadkill.Tests.Unit.FullTrustConfigReaderWriterTests.GetConfiguration_Should_Return_Configuration_For_Exe_File" executed="True" result="Success" success="True" time="0.012" asserts="2" />
[...]
                    <categories>
                      <category name="Unit" />
                    </categories>
                    <results>
                      <test-case name="Roadkill.Tests.Unit.UserManagementControllerTests.AddAdmin_GET_Should_Return_View_And_ViewModel" executed="True" result="Success" success="True" time="0.001" asserts="2" />
                      <test-case name="Roadkill.Tests.Unit.UserManagementControllerTests.AddAdmin_POST_Should_Add_Admin_And_Redirect_To_Index" executed="True" result="Success" success="True" time="0.001" asserts="3" />
                      <test-case name="Roadkill.Tests.Unit.UserManagementControllerTests.AddAdmin_POST_Should_Return_ViewResult_When_ModelState_Is_Invalid" executed="True" result="Success" success="True" time="0.000" asserts="2" />
                      <test-case name="Roadkill.Tests.Unit.UserManagementControllerTests.AddEditor_GET_Should_Return_View_And_ViewModel" executed="True" result="Success" success="True" time="0.000" asserts="2" />
                      <test-case name="Roadkill.Tests.Unit.UserManagementControllerTests.AddEditor_POST_Should_Add_Admin_And_Redirect_To_Index" executed="True" result="Success" success="True" time="0.001" asserts="3" />
                      <test-case name="Roadkill.Tests.Unit.UserManagementControllerTests.AddEditor_POST_Should_Return_ViewResult_When_ModelState_Is_Invalid" executed="True" result="Success" success="True" time="0.000" asserts="2" />
                      <test-case name="Roadkill.Tests.Unit.UserManagementControllerTests.DeleteUser_Should_Remove_User_And_Redirect_To_Index" executed="True" result="Success" success="True" time="0.001" asserts="3" />
                      <test-case name="Roadkill.Tests.Unit.UserManagementControllerTests.EditUser_GET_Should_Redirect_When_User_Does_Not_Exist" executed="True" result="Success" success="True" time="0.001" asserts="2" />
                      <test-case name="Roadkill.Tests.Unit.UserManagementControllerTests.EditUser_GET_Should_Return_View_And_ViewModel" executed="True" result="Success" success="True" time="0.001" asserts="3" />
                      <test-case name="Roadkill.Tests.Unit.UserManagementControllerTests.EditUser_POST_Should_Return_ViewResult_When_ModelState_Is_Invalid" executed="True" result="Success" success="True" time="0.001" asserts="2" />
                      <test-case name="Roadkill.Tests.Unit.UserManagementControllerTests.EditUser_POST_Should_Update_Password_When_Password_Is_Not_Empty_And_Redirect_To_Index" executed="True" result="Success" success="True" time="0.001" asserts="3" />
                      <test-case name="Roadkill.Tests.Unit.UserManagementControllerTests.EditUser_POST_Should_Update_User_When_Username_And_Email_Changes_And_Redirect_To_Index" executed="True" result="Success" success="True" time="0.001" asserts="6" />
                      <test-case name="Roadkill.Tests.Unit.UserManagementControllerTests.Index_Should_Return_View_And_ViewModel_With_Both_User_Types" executed="True" result="Success" success="True" time="0.001" asserts="3" />
                    </results>
                  </test-suite>
                  <test-suite type="TestFixture" name="UserViewModelEmailValidationTests" executed="True" result="Success" success="True" time="0.017" asserts="0">
                    <categories>
                      <category name="Unit" />
                    </categories>
                    <results>
                      <test-case name="Roadkill.Tests.Unit.UserViewModelEmailValidationTests.VerifyNewEmail_For_Existing_User_With_Empty_Email_Should_Fail" executed="True" result="Success" success="True" time="0.001" asserts="1" />
                      <test-case name="Roadkill.Tests.Unit.UserViewModelEmailValidationTests.VerifyNewEmail_For_Existing_User_With_Valid_Email_Should_Succeed" executed="True" result="Success" success="True" time="0.000" asserts="1" />
                      <test-case name="Roadkill.Tests.Unit.UserViewModelEmailValidationTests.VerifyNewEmail_For_New_User_With_Empty_Email_Should_Fail" executed="True" result="Success" success="True" time="0.000" asserts="1" />
                      <test-case name="Roadkill.Tests.Unit.UserViewModelEmailValidationTests.VerifyNewEmail_For_New_User_With_Valid_Email_Should_Succeed" executed="True" result="Success" success="True" time="0.000" asserts="1" />
                      <test-case name="Roadkill.Tests.Unit.UserViewModelEmailValidationTests.VerifyNewEmailIsNotInUse_For_Existing_User_With_Email_That_Exists_Should_Fail" executed="True" result="Success" success="True" time="0.001" asserts="1" />
                      <test-case name="Roadkill.Tests.Unit.UserViewModelEmailValidationTests.VerifyNewEmailIsNotInUse_For_Existing_User_With_Unchanged_Email_Should_Succeed" executed="True" result="Success" success="True" time="0.000" asserts="1" />
                      <test-case name="Roadkill.Tests.Unit.UserViewModelEmailValidationTests.VerifyNewEmailIsNotInUse_For_Existing_User_With_Unique_Email_Should_Succeed" executed="True" result="Success" success="True" time="0.000" asserts="1" />
                      <test-case name="Roadkill.Tests.Unit.UserViewModelEmailValidationTests.VerifyNewEmailIsNotInUse_For_New_User_With_Email_That_Exists_Should_Fail" executed="True" result="Success" success="True" time="0.000" asserts="1" />
                      <test-case name="Roadkill.Tests.Unit.UserViewModelEmailValidationTests.VerifyNewEmailIsNotInUse_For_New_User_With_Unique_Email_Should_Succeed" executed="True" result="Success" success="True" time="0.000" asserts="1" />
                      <test-case name="Roadkill.Tests.Unit.UserViewModelEmailValidationTests.VerifyNewEmailIsNotInUse_When_New_User_Created_In_Admin_Tools_With_Unique_Email_Should_Succeed" executed="True" result="Success" success="True" time="0.000" asserts="1" />
                    </results>
                  </test-suite>
                  <test-suite type="TestFixture" name="UserViewModelPasswordValidationTests" executed="True" result="Success" success="True" time="0.016" asserts="0">
                    <categories>
                      <category name="Unit" />
                    </categories>
                    <results>
                      <test-case name="Roadkill.Tests.Unit.UserViewModelPasswordValidationTests.VerifyPassword_For_Existing_User_With_Bad_Password_Fails" executed="True" result="Success" success="True" time="0.001" asserts="1" />
                      <test-case name="Roadkill.Tests.Unit.UserViewModelPasswordValidationTests.VerifyPassword_For_Existing_User_With_Empty_Password_Succeeds" executed="True" result="Success" success="True" time="0.000" asserts="1" />
                      <test-case name="Roadkill.Tests.Unit.UserViewModelPasswordValidationTests.VerifyPassword_For_New_User_With_Bad_Password_Fails" executed="True" result="Success" success="True" time="0.000" asserts="1" />
                      <test-case name="Roadkill.Tests.Unit.UserViewModelPasswordValidationTests.VerifyPassword_When_Created_In_Admin_Tools_With_Bad_Password_Fails" executed="True" result="Success" success="True" time="0.000" asserts="1" />
                      <test-case name="Roadkill.Tests.Unit.UserViewModelPasswordValidationTests.VerifyPasswordsMatch_For_Existing_User_With_Empty_Password_Succeeds" executed="True" result="Success" success="True" time="0.001" asserts="1" />
                      <test-case name="Roadkill.Tests.Unit.UserViewModelPasswordValidationTests.VerifyPasswordsMatch_For_Existing_User_With_Matching_Passwords_Succeeds" executed="True" result="Success" success="True" time="0.000" asserts="1" />
                      <test-case name="Roadkill.Tests.Unit.UserViewModelPasswordValidationTests.VerifyPasswordsMatch_For_New_User_With_Mismatching_Passwords_Fails" executed="True" result="Success" success="True" time="0.001" asserts="1" />
                      <test-case name="Roadkill.Tests.Unit.UserViewModelPasswordValidationTests.VerifyPasswordsMatch_When_Created_In_Admin_Tools_With_Mismatching_Passwords_Fails" executed="True" result="Success" success="True" time="0.000" asserts="1" />
                    </results>
                  </test-suite>
                  <test-suite type="TestFixture" name="UserViewModelUsernameValidationTests" executed="True" result="Success" success="True" time="0.015" asserts="0">
                    <categories>
                      <category name="Unit" />
                    </categories>
                    <results>
                      <test-case name="Roadkill.Tests.Unit.UserViewModelUsernameValidationTests.VerifyNewEmailIsNotInUse_For_Existing_User_With_Unchanged_Username_Should_Succeed" executed="True" result="Success" success="True" time="0.001" asserts="1" />
                      <test-case name="Roadkill.Tests.Unit.UserViewModelUsernameValidationTests.VerifyNewUsername_For_Existing_User_With_Blank_Username_Should_Fail" executed="True" result="Success" success="True" time="0.001" asserts="1" />
                      <test-case name="Roadkill.Tests.Unit.UserViewModelUsernameValidationTests.VerifyNewUsername_For_Existing_User_With_Valid_Username_Should_Succeed" executed="True" result="Success" success="True" time="0.000" asserts="1" />
                      <test-case name="Roadkill.Tests.Unit.UserViewModelUsernameValidationTests.VerifyNewUsername_For_New_User_With_Blank_Username_Should_Fail" executed="True" result="Success" success="True" time="0.000" asserts="1" />
                      <test-case name="Roadkill.Tests.Unit.UserViewModelUsernameValidationTests.VerifyNewUsername_For_New_User_With_Valid_Username_Should_Succeed" executed="True" result="Success" success="True" time="0.000" asserts="1" />
                      <test-case name="Roadkill.Tests.Unit.UserViewModelUsernameValidationTests.VerifyNewUsernameIsNotInUse_For_Existing_User_With_Unique_Username_Should_Succeed" executed="True" result="Success" success="True" time="0.001" asserts="1" />
                      <test-case name="Roadkill.Tests.Unit.UserViewModelUsernameValidationTests.VerifyNewUsernameIsNotInUse_For_Existing_User_With_username_That_Exists_Should_Fail" executed="True" result="Success" success="True" time="0.001" asserts="1" />
                      <test-case name="Roadkill.Tests.Unit.UserViewModelUsernameValidationTests.VerifyNewUsernameIsNotInUse_For_New_User_With_Unique_Username_Should_Succeed" executed="True" result="Success" success="True" time="0.000" asserts="1" />
                      <test-case name="Roadkill.Tests.Unit.UserViewModelUsernameValidationTests.VerifyNewUsernameIsNotInUse_For_New_User_With_Username_That_Exists_Should_Fail" executed="True" result="Success" success="True" time="0.000" asserts="1" />
                      <test-case name="Roadkill.Tests.Unit.UserViewModelUsernameValidationTests.VerifyNewUsernameIsNotInUse_When_New_User_Created_In_Admin_Tools_With_Unique_Username_Should_Succeed" executed="True" result="Success" success="True" time="0.000" asserts="1" />
                    </results>
                  </test-suite>
                  <test-suite type="Namespace" name="WebApi" executed="True" result="Success" success="True" time="0.026" asserts="0">
                    <results>
                      <test-suite type="TestFixture" name="PageControllerTests" executed="True" result="Success" success="True" time="0.011" asserts="0">
                        <categories>
                          <category name="Unit" />
                        </categories>
                        <results>
                          <test-case name="Roadkill.Tests.Unit.WebApi.PageControllerTests.Get_Should_Return_All_Pages" executed="True" result="Success" success="True" time="0.001" asserts="1" />
                          <test-case name="Roadkill.Tests.Unit.WebApi.PageControllerTests.Get_Should_Return_Null_When_Page_Does_Not_Exist" executed="True" result="Success" success="True" time="0.001" asserts="1" />
                          <test-case name="Roadkill.Tests.Unit.WebApi.PageControllerTests.Get_Should_Return_Page_By_Id" executed="True" result="Success" success="True" time="0.000" asserts="2" />
                          <test-case name="Roadkill.Tests.Unit.WebApi.PageControllerTests.Post_Should_Add_Page" executed="True" result="Success" success="True" time="0.001" asserts="1" />
                          <test-case name="Roadkill.Tests.Unit.WebApi.PageControllerTests.Put_Should_Update_Page" executed="True" result="Success" success="True" time="0.001" asserts="3" />
                        </results>
                      </test-suite>
                      <test-suite type="TestFixture" name="SearchControllerTests" executed="True" result="Success" success="True" time="0.002" asserts="0">
                        <categories>
                          <category name="Unit" />
                        </categories>
                        <results>
                          <test-case name="Roadkill.Tests.Unit.WebApi.SearchControllerTests.Get_Should_Search_Return_Correct_Results_Using_Search_Service" executed="True" result="Success" success="True" time="0.001" asserts="1" />
                        </results>
                      </test-suite>
                      <test-suite type="TestFixture" name="UserControllerTests" executed="True" result="Success" success="True" time="0.010" asserts="0">
                        <categories>
                          <category name="Unit" />
                        </categories>
                        <results>
                          <test-case name="Roadkill.Tests.Unit.WebApi.UserControllerTests.Authenticate_Should_Return_True_User" executed="True" result="Success" success="True" time="0.001" asserts="1" />
                          <test-case name="Roadkill.Tests.Unit.WebApi.UserControllerTests.Get_Should_Return_All_Editors_And_Admins" executed="True" result="Success" success="True" time="0.001" asserts="1" />
                          <test-case name="Roadkill.Tests.Unit.WebApi.UserControllerTests.Get_Should_Return_Inactive_User" executed="True" result="Success" success="True" time="0.001" asserts="1" />
                          <test-case name="Roadkill.Tests.Unit.WebApi.UserControllerTests.Get_Should_Return_Null_When_User_Does_Not_Exist" executed="True" result="Success" success="True" time="0.000" asserts="1" />
                          <test-case name="Roadkill.Tests.Unit.WebApi.UserControllerTests.Get_Should_Return_User" executed="True" result="Success" success="True" time="0.000" asserts="1" />
                          <test-case name="Roadkill.Tests.Unit.WebApi.UserControllerTests.Logout_Should_User_Service_To_Logout" executed="True" result="Success" success="True" time="0.000" asserts="1" />
                        </results>
                      </test-suite>
                    </results>
                  </test-suite>
                  <test-suite type="TestFixture" name="WebApiAdminRequiredAttributeTests" executed="True" result="Success" success="True" time="0.005" asserts="0">
                    <categories>
                      <category name="Unit" />
                    </categories>
                    <results>
                      <test-case name="Roadkill.Tests.Unit.WebApiAdminRequiredAttributeTests.Should_Throw_SecurityException_When_AuthorizationProvider_Is_Null" executed="True" result="Success" success="True" time="0.002" asserts="0" />
                      <test-case name="Roadkill.Tests.Unit.WebApiAdminRequiredAttributeTests.Should_Use_AuthorizationProvider" executed="True" result="Success" success="True" time="0.001" asserts="1" />
                    </results>
                  </test-suite>
                  <test-suite type="TestFixture" name="WebApiEditorRequiredAttributeTests" executed="True" result="Success" success="True" time="0.004" asserts="0">
                    <categories>
                      <category name="Unit" />
                    </categories>
                    <results>
                      <test-case name="Roadkill.Tests.Unit.WebApiEditorRequiredAttributeTests.Should_Throw_SecurityException_When_AuthorizationProvider_Is_Null" executed="True" result="Success" success="True" time="0.001" asserts="0" />
                      <test-case name="Roadkill.Tests.Unit.WebApiEditorRequiredAttributeTests.Should_Use_AuthorizationProvider" executed="True" result="Success" success="True" time="0.001" asserts="1" />
                    </results>
                  </test-suite>
                  <test-suite type="TestFixture" name="WikiControllerTests" executed="True" result="Success" success="True" time="0.053" asserts="0">
                    <categories>
                      <category name="Unit" />
                    </categories>
                    <results>
                      <test-case name="Roadkill.Tests.Unit.WikiControllerTests.Index_Should_Return_Page" executed="True" result="Success" success="True" time="0.006" asserts="4" />
                      <test-case name="Roadkill.Tests.Unit.WikiControllerTests.Index_With_Bad_Page_Id_Should_Redirect" executed="True" result="Success" success="True" time="0.005" asserts="3" />
                      <test-case name="Roadkill.Tests.Unit.WikiControllerTests.Index_With_Unknown_Page_Should_Throw_404Exception" executed="True" result="Success" success="True" time="0.005" asserts="0" />
                      <test-case name="Roadkill.Tests.Unit.WikiControllerTests.NotFound_Should_Return_500_View" executed="True" result="Success" success="True" time="0.004" asserts="1" />
                      <test-case name="Roadkill.Tests.Unit.WikiControllerTests.PageToolbar_Should_Return_Empty_Content_When_Id_Is_Null" executed="True" result="Success" success="True" time="0.005" asserts="1" />
                      <test-case name="Roadkill.Tests.Unit.WikiControllerTests.PageToolbar_Should_Return_Empty_Content_When_Page_Cannot_Be_Found" executed="True" result="Success" success="True" time="0.004" asserts="1" />
                      <test-case name="Roadkill.Tests.Unit.WikiControllerTests.PageToolbar_Should_Return_PartialView" executed="True" result="Success" success="True" time="0.004" asserts="0" />
                      <test-case name="Roadkill.Tests.Unit.WikiControllerTests.ServerError_Should_Return_500_View" executed="True" result="Success" success="True" time="0.005" asserts="1" />
                    </results>
                  </test-suite>
                  <test-suite type="TestFixture" name="WikiExporterTests" executed="True" result="Success" success="True" time="0.019" asserts="0">
                    <categories>
                      <category name="Unit" />
                    </categories>
                    <results>
                      <test-case name="Roadkill.Tests.Unit.WikiExporterTests.ExportAsSql_Should_Return_Non_Empty_Stream" executed="True" result="Success" success="True" time="0.001" asserts="1" />
                      <test-case name="Roadkill.Tests.Unit.WikiExporterTests.ExportAsWikiFiles_Should_Save_Zip_File_To_Export_Directory" executed="True" result="Success" success="True" time="0.003" asserts="2" />
                      <test-case name="Roadkill.Tests.Unit.WikiExporterTests.ExportAsXml_Should_Return_Non_Empty_Stream" executed="True" result="Success" success="True" time="0.001" asserts="1" />
                      <test-case name="Roadkill.Tests.Unit.WikiExporterTests.ExportAttachments_Should_Save_Zip_File_To_Export_Directory" executed="True" result="Success" success="True" time="0.008" asserts="2" />
                    </results>
                  </test-suite>
                </results>
              </test-suite>
            </results>
          </test-suite>
        </results>
      </test-suite>
    </results>
  </test-suite>
</test-results>